<?xml version="1.0" encoding="UTF-8"?>
<testng-results ignored="0" total="27" passed="26" failed="1" skipped="0">
  <reporter-output>
  </reporter-output>
  <suite started-at="2024-05-09T12:13:55 IST" name="Suite" finished-at="2024-05-09T12:22:34 IST" duration-ms="518994">
    <groups>
    </groups>
    <test started-at="2024-05-09T12:13:55 IST" name="Test1" finished-at="2024-05-09T12:14:15 IST" duration-ms="20418">
      <class name="testcases.TestCasesForCreateanAccount">
        <test-method is-config="true" signature="initiateBrowser()[pri:0, instance:testcases.TestCasesForCreateanAccount@192d43ce]" started-at="2024-05-09T12:13:55 IST" name="initiateBrowser" finished-at="2024-05-09T12:14:08 IST" duration-ms="12772" status="PASS">
          <reporter-output>
          </reporter-output>
        </test-method> <!-- initiateBrowser -->
        <test-method signature="testcase1()[pri:0, instance:testcases.TestCasesForCreateanAccount@192d43ce]" started-at="2024-05-09T12:14:08 IST" name="testcase1" finished-at="2024-05-09T12:14:15 IST" duration-ms="7093" status="PASS">
          <reporter-output>
          </reporter-output>
        </test-method> <!-- testcase1 -->
        <test-method is-config="true" signature="terminateBrowser()[pri:0, instance:testcases.TestCasesForCreateanAccount@192d43ce]" started-at="2024-05-09T12:14:15 IST" name="terminateBrowser" finished-at="2024-05-09T12:14:15 IST" duration-ms="475" status="PASS">
          <reporter-output>
          </reporter-output>
        </test-method> <!-- terminateBrowser -->
      </class> <!-- testcases.TestCasesForCreateanAccount -->
    </test> <!-- Test1 -->
    <test started-at="2024-05-09T12:14:15 IST" name="Test2" finished-at="2024-05-09T12:15:19 IST" duration-ms="63646">
      <class name="testcases.TestCasesForSignIn">
        <test-method is-config="true" signature="initiateBrowser()[pri:0, instance:testcases.TestCasesForSignIn@4f6ee6e4]" started-at="2024-05-09T12:14:15 IST" name="initiateBrowser" finished-at="2024-05-09T12:14:29 IST" duration-ms="13902" status="PASS">
          <reporter-output>
          </reporter-output>
        </test-method> <!-- initiateBrowser -->
        <test-method signature="testcase1()[pri:0, instance:testcases.TestCasesForSignIn@4f6ee6e4]" started-at="2024-05-09T12:14:29 IST" name="testcase1" finished-at="2024-05-09T12:14:39 IST" duration-ms="9782" status="PASS">
          <reporter-output>
          </reporter-output>
        </test-method> <!-- testcase1 -->
        <test-method signature="testcase2()[pri:0, instance:testcases.TestCasesForSignIn@4f6ee6e4]" started-at="2024-05-09T12:14:39 IST" name="testcase2" finished-at="2024-05-09T12:14:46 IST" duration-ms="7047" status="PASS">
          <reporter-output>
          </reporter-output>
        </test-method> <!-- testcase2 -->
        <test-method signature="testcase3()[pri:0, instance:testcases.TestCasesForSignIn@4f6ee6e4]" started-at="2024-05-09T12:14:46 IST" name="testcase3" finished-at="2024-05-09T12:14:54 IST" duration-ms="7525" status="PASS">
          <reporter-output>
          </reporter-output>
        </test-method> <!-- testcase3 -->
        <test-method signature="testcase4()[pri:0, instance:testcases.TestCasesForSignIn@4f6ee6e4]" started-at="2024-05-09T12:14:54 IST" name="testcase4" finished-at="2024-05-09T12:15:02 IST" duration-ms="8663" status="PASS">
          <reporter-output>
          </reporter-output>
        </test-method> <!-- testcase4 -->
        <test-method signature="testcase5()[pri:0, instance:testcases.TestCasesForSignIn@4f6ee6e4]" started-at="2024-05-09T12:15:02 IST" name="testcase5" finished-at="2024-05-09T12:15:07 IST" duration-ms="5180" status="PASS">
          <reporter-output>
          </reporter-output>
        </test-method> <!-- testcase5 -->
        <test-method signature="testcase6()[pri:0, instance:testcases.TestCasesForSignIn@4f6ee6e4]" started-at="2024-05-09T12:15:07 IST" name="testcase6" finished-at="2024-05-09T12:15:10 IST" duration-ms="2577" status="PASS">
          <reporter-output>
          </reporter-output>
        </test-method> <!-- testcase6 -->
        <test-method signature="testcase7()[pri:0, instance:testcases.TestCasesForSignIn@4f6ee6e4]" started-at="2024-05-09T12:15:10 IST" name="testcase7" finished-at="2024-05-09T12:15:19 IST" duration-ms="8577" status="PASS">
          <reporter-output>
          </reporter-output>
        </test-method> <!-- testcase7 -->
        <test-method is-config="true" signature="terminateBrowser()[pri:0, instance:testcases.TestCasesForSignIn@4f6ee6e4]" started-at="2024-05-09T12:15:19 IST" name="terminateBrowser" finished-at="2024-05-09T12:15:19 IST" duration-ms="332" status="PASS">
          <reporter-output>
          </reporter-output>
        </test-method> <!-- terminateBrowser -->
      </class> <!-- testcases.TestCasesForSignIn -->
    </test> <!-- Test2 -->
    <test started-at="2024-05-09T12:15:19 IST" name="Test3" finished-at="2024-05-09T12:16:27 IST" duration-ms="67957">
      <class name="testcases.TestCasesForHomePage">
        <test-method is-config="true" signature="initiateBrowser()[pri:0, instance:testcases.TestCasesForHomePage@7b9a4292]" started-at="2024-05-09T12:15:19 IST" name="initiateBrowser" finished-at="2024-05-09T12:15:34 IST" duration-ms="14581" status="PASS">
          <reporter-output>
          </reporter-output>
        </test-method> <!-- initiateBrowser -->
        <test-method signature="testcase1()[pri:0, instance:testcases.TestCasesForHomePage@7b9a4292]" started-at="2024-05-09T12:15:34 IST" name="testcase1" finished-at="2024-05-09T12:16:27 IST" duration-ms="53078" status="PASS">
          <reporter-output>
          </reporter-output>
        </test-method> <!-- testcase1 -->
        <test-method is-config="true" signature="terminateBrowser()[pri:0, instance:testcases.TestCasesForHomePage@7b9a4292]" started-at="2024-05-09T12:16:27 IST" name="terminateBrowser" finished-at="2024-05-09T12:16:27 IST" duration-ms="287" status="PASS">
          <reporter-output>
          </reporter-output>
        </test-method> <!-- terminateBrowser -->
      </class> <!-- testcases.TestCasesForHomePage -->
    </test> <!-- Test3 -->
    <test started-at="2024-05-09T12:16:27 IST" name="Test4" finished-at="2024-05-09T12:16:50 IST" duration-ms="23122">
      <class name="testcases.TestCasesForSearchBar">
        <test-method is-config="true" signature="initiateBrowser()[pri:0, instance:testcases.TestCasesForSearchBar@1aa7ecca]" started-at="2024-05-09T12:16:27 IST" name="initiateBrowser" finished-at="2024-05-09T12:16:41 IST" duration-ms="13587" status="PASS">
          <reporter-output>
          </reporter-output>
        </test-method> <!-- initiateBrowser -->
        <test-method signature="testcase1()[pri:0, instance:testcases.TestCasesForSearchBar@1aa7ecca]" started-at="2024-05-09T12:16:41 IST" name="testcase1" finished-at="2024-05-09T12:16:41 IST" duration-ms="64" status="PASS">
          <reporter-output>
          </reporter-output>
        </test-method> <!-- testcase1 -->
        <test-method signature="testcase2()[pri:0, instance:testcases.TestCasesForSearchBar@1aa7ecca]" started-at="2024-05-09T12:16:41 IST" name="testcase2" finished-at="2024-05-09T12:16:48 IST" duration-ms="7103" status="PASS">
          <reporter-output>
          </reporter-output>
        </test-method> <!-- testcase2 -->
        <test-method signature="testcase3()[pri:0, instance:testcases.TestCasesForSearchBar@1aa7ecca]" started-at="2024-05-09T12:16:48 IST" name="testcase3" finished-at="2024-05-09T12:16:50 IST" duration-ms="2141" status="PASS">
          <reporter-output>
          </reporter-output>
        </test-method> <!-- testcase3 -->
        <test-method is-config="true" signature="terminateBrowser()[pri:0, instance:testcases.TestCasesForSearchBar@1aa7ecca]" started-at="2024-05-09T12:16:50 IST" name="terminateBrowser" finished-at="2024-05-09T12:16:50 IST" duration-ms="213" status="PASS">
          <reporter-output>
          </reporter-output>
        </test-method> <!-- terminateBrowser -->
      </class> <!-- testcases.TestCasesForSearchBar -->
    </test> <!-- Test4 -->
    <test started-at="2024-05-09T12:16:50 IST" name="Test5" finished-at="2024-05-09T12:19:14 IST" duration-ms="143968">
      <class name="testcases.TestCasesForNavigationBar">
        <test-method is-config="true" signature="initiateBrowser()[pri:0, instance:testcases.TestCasesForNavigationBar@6d763516]" started-at="2024-05-09T12:16:50 IST" name="initiateBrowser" finished-at="2024-05-09T12:17:07 IST" duration-ms="16877" status="PASS">
          <reporter-output>
          </reporter-output>
        </test-method> <!-- initiateBrowser -->
        <test-method signature="testcase1()[pri:0, instance:testcases.TestCasesForNavigationBar@6d763516]" started-at="2024-05-09T12:17:07 IST" name="testcase1" finished-at="2024-05-09T12:17:38 IST" duration-ms="30761" status="PASS">
          <reporter-output>
          </reporter-output>
        </test-method> <!-- testcase1 -->
        <test-method signature="testcase2()[pri:0, instance:testcases.TestCasesForNavigationBar@6d763516]" started-at="2024-05-09T12:17:38 IST" name="testcase2" finished-at="2024-05-09T12:18:16 IST" duration-ms="38563" status="PASS">
          <reporter-output>
          </reporter-output>
        </test-method> <!-- testcase2 -->
        <test-method signature="testcase3()[pri:0, instance:testcases.TestCasesForNavigationBar@6d763516]" started-at="2024-05-09T12:18:16 IST" name="testcase3" finished-at="2024-05-09T12:19:14 IST" duration-ms="57378" status="FAIL">
          <exception class="org.openqa.selenium.ElementNotInteractableException">
            <message>
              <![CDATA[element not interactable
  (Session info: chrome=124.0.6367.119)
Build info: version: '3.14.0', revision: 'aacccce0', time: '2018-08-02T20:19:58.91Z'
System info: host: 'DESKTOP-VD0E2CP', ip: '192.168.0.103', os.name: 'Windows 10', os.arch: 'amd64', os.version: '10.0', java.version: '21.0.2'
Driver info: org.openqa.selenium.chrome.ChromeDriver
Capabilities {acceptInsecureCerts: false, browserName: chrome, browserVersion: 124.0.6367.119, chrome: {chromedriverVersion: 123.0.6312.58 (6b4b19e9dfbb..., userDataDir: C:\Users\rajes\AppData\Loca...}, fedcm:accounts: true, goog:chromeOptions: {debuggerAddress: localhost:63468}, javascriptEnabled: true, networkConnectionEnabled: false, pageLoadStrategy: normal, platform: WINDOWS, platformName: WINDOWS, proxy: Proxy(), setWindowRect: true, strictFileInteractability: false, timeouts: {implicit: 0, pageLoad: 300000, script: 30000}, unhandledPromptBehavior: dismiss and notify, webauthn:extension:credBlob: true, webauthn:extension:largeBlob: true, webauthn:extension:minPinLength: true, webauthn:extension:prf: true, webauthn:virtualAuthenticators: true}
Session ID: 5b982ce141132666ea16d4e5681873ce]]>
            </message>
            <full-stacktrace>
              <![CDATA[org.openqa.selenium.ElementNotInteractableException: element not interactable
  (Session info: chrome=124.0.6367.119)
Build info: version: '3.14.0', revision: 'aacccce0', time: '2018-08-02T20:19:58.91Z'
System info: host: 'DESKTOP-VD0E2CP', ip: '192.168.0.103', os.name: 'Windows 10', os.arch: 'amd64', os.version: '10.0', java.version: '21.0.2'
Driver info: org.openqa.selenium.chrome.ChromeDriver
Capabilities {acceptInsecureCerts: false, browserName: chrome, browserVersion: 124.0.6367.119, chrome: {chromedriverVersion: 123.0.6312.58 (6b4b19e9dfbb..., userDataDir: C:\Users\rajes\AppData\Loca...}, fedcm:accounts: true, goog:chromeOptions: {debuggerAddress: localhost:63468}, javascriptEnabled: true, networkConnectionEnabled: false, pageLoadStrategy: normal, platform: WINDOWS, platformName: WINDOWS, proxy: Proxy(), setWindowRect: true, strictFileInteractability: false, timeouts: {implicit: 0, pageLoad: 300000, script: 30000}, unhandledPromptBehavior: dismiss and notify, webauthn:extension:credBlob: true, webauthn:extension:largeBlob: true, webauthn:extension:minPinLength: true, webauthn:extension:prf: true, webauthn:virtualAuthenticators: true}
Session ID: 5b982ce141132666ea16d4e5681873ce
at java.base/jdk.internal.reflect.DirectConstructorHandleAccessor.newInstance(DirectConstructorHandleAccessor.java:62)
at java.base/java.lang.reflect.Constructor.newInstanceWithCaller(Constructor.java:502)
at java.base/java.lang.reflect.Constructor.newInstance(Constructor.java:486)
at org.openqa.selenium.remote.http.W3CHttpResponseCodec.createException(W3CHttpResponseCodec.java:187)
at org.openqa.selenium.remote.http.W3CHttpResponseCodec.decode(W3CHttpResponseCodec.java:122)
at org.openqa.selenium.remote.http.W3CHttpResponseCodec.decode(W3CHttpResponseCodec.java:49)
at org.openqa.selenium.remote.HttpCommandExecutor.execute(HttpCommandExecutor.java:158)
at org.openqa.selenium.remote.service.DriverCommandExecutor.execute(DriverCommandExecutor.java:83)
at org.openqa.selenium.remote.RemoteWebDriver.execute(RemoteWebDriver.java:548)
at org.openqa.selenium.remote.RemoteWebElement.execute(RemoteWebElement.java:276)
at org.openqa.selenium.remote.RemoteWebElement.click(RemoteWebElement.java:83)
at pages.NavigationBar.clickOnShorts2(NavigationBar.java:142)
at testcases.TestCasesForNavigationBar.testcase3(TestCasesForNavigationBar.java:310)
at java.base/jdk.internal.reflect.DirectMethodHandleAccessor.invoke(DirectMethodHandleAccessor.java:103)
at java.base/java.lang.reflect.Method.invoke(Method.java:580)
at org.testng.internal.MethodInvocationHelper.invokeMethod(MethodInvocationHelper.java:134)
at org.testng.internal.TestInvoker.invokeMethod(TestInvoker.java:597)
at org.testng.internal.TestInvoker.invokeTestMethod(TestInvoker.java:173)
at org.testng.internal.MethodRunner.runInSequence(MethodRunner.java:46)
at org.testng.internal.TestInvoker$MethodInvocationAgent.invoke(TestInvoker.java:816)
at org.testng.internal.TestInvoker.invokeTestMethods(TestInvoker.java:146)
at org.testng.internal.TestMethodWorker.invokeTestMethods(TestMethodWorker.java:146)
at org.testng.internal.TestMethodWorker.run(TestMethodWorker.java:128)
at java.base/java.util.ArrayList.forEach(ArrayList.java:1596)
at org.testng.TestRunner.privateRun(TestRunner.java:766)
at org.testng.TestRunner.run(TestRunner.java:587)
at org.testng.SuiteRunner.runTest(SuiteRunner.java:384)
at org.testng.SuiteRunner.runSequentially(SuiteRunner.java:378)
at org.testng.SuiteRunner.privateRun(SuiteRunner.java:337)
at org.testng.SuiteRunner.run(SuiteRunner.java:286)
at org.testng.SuiteRunnerWorker.runSuite(SuiteRunnerWorker.java:53)
at org.testng.SuiteRunnerWorker.run(SuiteRunnerWorker.java:96)
at org.testng.TestNG.runSuitesSequentially(TestNG.java:1187)
at org.testng.TestNG.runSuitesLocally(TestNG.java:1109)
at org.testng.TestNG.runSuites(TestNG.java:1039)
at org.testng.TestNG.run(TestNG.java:1007)
at org.testng.remote.AbstractRemoteTestNG.run(AbstractRemoteTestNG.java:115)
at org.testng.remote.RemoteTestNG.initAndRun(RemoteTestNG.java:251)
at org.testng.remote.RemoteTestNG.main(RemoteTestNG.java:77)
]]>
            </full-stacktrace>
          </exception> <!-- org.openqa.selenium.ElementNotInteractableException -->
          <reporter-output>
          </reporter-output>
        </test-method> <!-- testcase3 -->
        <test-method is-config="true" signature="terminateBrowser()[pri:0, instance:testcases.TestCasesForNavigationBar@6d763516]" started-at="2024-05-09T12:19:14 IST" name="terminateBrowser" finished-at="2024-05-09T12:19:14 IST" duration-ms="369" status="PASS">
          <reporter-output>
          </reporter-output>
        </test-method> <!-- terminateBrowser -->
      </class> <!-- testcases.TestCasesForNavigationBar -->
    </test> <!-- Test5 -->
    <test started-at="2024-05-09T12:19:14 IST" name="Test7" finished-at="2024-05-09T12:20:13 IST" duration-ms="58893">
      <class name="testcases.TestCasesForProduct">
        <test-method is-config="true" signature="initiateBrowser()[pri:0, instance:testcases.TestCasesForProduct@222545dc]" started-at="2024-05-09T12:19:14 IST" name="initiateBrowser" finished-at="2024-05-09T12:19:30 IST" duration-ms="15891" status="PASS">
          <reporter-output>
          </reporter-output>
        </test-method> <!-- initiateBrowser -->
        <test-method signature="testcase1()[pri:0, instance:testcases.TestCasesForProduct@222545dc]" started-at="2024-05-09T12:19:30 IST" name="testcase1" finished-at="2024-05-09T12:19:35 IST" duration-ms="5210" status="PASS">
          <reporter-output>
          </reporter-output>
        </test-method> <!-- testcase1 -->
        <test-method signature="testcase2()[pri:0, instance:testcases.TestCasesForProduct@222545dc]" started-at="2024-05-09T12:19:35 IST" name="testcase2" finished-at="2024-05-09T12:19:49 IST" duration-ms="13376" status="PASS">
          <reporter-output>
          </reporter-output>
        </test-method> <!-- testcase2 -->
        <test-method signature="testcase3()[pri:0, instance:testcases.TestCasesForProduct@222545dc]" started-at="2024-05-09T12:19:49 IST" name="testcase3" finished-at="2024-05-09T12:20:09 IST" duration-ms="20785" status="PASS">
          <reporter-output>
          </reporter-output>
        </test-method> <!-- testcase3 -->
        <test-method signature="testcase4()[pri:0, instance:testcases.TestCasesForProduct@222545dc]" started-at="2024-05-09T12:20:09 IST" name="testcase4" finished-at="2024-05-09T12:20:10 IST" duration-ms="272" status="PASS">
          <reporter-output>
          </reporter-output>
        </test-method> <!-- testcase4 -->
        <test-method signature="testcase5()[pri:0, instance:testcases.TestCasesForProduct@222545dc]" started-at="2024-05-09T12:20:10 IST" name="testcase5" finished-at="2024-05-09T12:20:13 IST" duration-ms="3110" status="PASS">
          <reporter-output>
          </reporter-output>
        </test-method> <!-- testcase5 -->
        <test-method is-config="true" signature="terminateBrowser()[pri:0, instance:testcases.TestCasesForProduct@222545dc]" started-at="2024-05-09T12:20:13 IST" name="terminateBrowser" finished-at="2024-05-09T12:20:13 IST" duration-ms="231" status="PASS">
          <reporter-output>
          </reporter-output>
        </test-method> <!-- terminateBrowser -->
      </class> <!-- testcases.TestCasesForProduct -->
    </test> <!-- Test7 -->
    <test started-at="2024-05-09T12:20:13 IST" name="Test8" finished-at="2024-05-09T12:21:45 IST" duration-ms="91877">
      <class name="testcases.TestCasesForShoppingCart">
        <test-method is-config="true" signature="initiateBrowser()[pri:0, instance:testcases.TestCasesForShoppingCart@38c6f217]" started-at="2024-05-09T12:20:13 IST" name="initiateBrowser" finished-at="2024-05-09T12:20:28 IST" duration-ms="15034" status="PASS">
          <reporter-output>
          </reporter-output>
        </test-method> <!-- initiateBrowser -->
        <test-method signature="testcase1()[pri:0, instance:testcases.TestCasesForShoppingCart@38c6f217]" started-at="2024-05-09T12:20:28 IST" name="testcase1" finished-at="2024-05-09T12:20:38 IST" duration-ms="10104" status="PASS">
          <reporter-output>
          </reporter-output>
        </test-method> <!-- testcase1 -->
        <test-method signature="testcase2()[pri:0, instance:testcases.TestCasesForShoppingCart@38c6f217]" started-at="2024-05-09T12:20:38 IST" name="testcase2" finished-at="2024-05-09T12:20:50 IST" duration-ms="11956" status="PASS">
          <reporter-output>
          </reporter-output>
        </test-method> <!-- testcase2 -->
        <test-method signature="testcase3()[pri:0, instance:testcases.TestCasesForShoppingCart@38c6f217]" started-at="2024-05-09T12:20:50 IST" name="testcase3" finished-at="2024-05-09T12:21:19 IST" duration-ms="29101" status="PASS">
          <reporter-output>
          </reporter-output>
        </test-method> <!-- testcase3 -->
        <test-method signature="testcase4()[pri:0, instance:testcases.TestCasesForShoppingCart@38c6f217]" started-at="2024-05-09T12:21:19 IST" name="testcase4" finished-at="2024-05-09T12:21:37 IST" duration-ms="18134" status="PASS">
          <reporter-output>
          </reporter-output>
        </test-method> <!-- testcase4 -->
        <test-method signature="testcase5()[pri:0, instance:testcases.TestCasesForShoppingCart@38c6f217]" started-at="2024-05-09T12:21:37 IST" name="testcase5" finished-at="2024-05-09T12:21:44 IST" duration-ms="6512" status="PASS">
          <reporter-output>
          </reporter-output>
        </test-method> <!-- testcase5 -->
        <test-method is-config="true" signature="terminateBrowser()[pri:0, instance:testcases.TestCasesForShoppingCart@38c6f217]" started-at="2024-05-09T12:21:44 IST" name="terminateBrowser" finished-at="2024-05-09T12:21:45 IST" duration-ms="1025" status="PASS">
          <reporter-output>
          </reporter-output>
        </test-method> <!-- terminateBrowser -->
      </class> <!-- testcases.TestCasesForShoppingCart -->
    </test> <!-- Test8 -->
    <test started-at="2024-05-09T12:21:45 IST" name="Test9" finished-at="2024-05-09T12:22:34 IST" duration-ms="48631">
      <class name="testcases.TestCasesForProceedToCheckout">
        <test-method is-config="true" signature="initiateBrowser()[pri:0, instance:testcases.TestCasesForProceedToCheckout@564fabc8]" started-at="2024-05-09T12:21:45 IST" name="initiateBrowser" finished-at="2024-05-09T12:22:00 IST" duration-ms="15287" status="PASS">
          <reporter-output>
          </reporter-output>
        </test-method> <!-- initiateBrowser -->
        <test-method signature="testcase1()[pri:0, instance:testcases.TestCasesForProceedToCheckout@564fabc8]" started-at="2024-05-09T12:22:00 IST" name="testcase1" finished-at="2024-05-09T12:22:21 IST" duration-ms="20875" status="PASS">
          <reporter-output>
          </reporter-output>
        </test-method> <!-- testcase1 -->
        <test-method signature="testcase2()[pri:0, instance:testcases.TestCasesForProceedToCheckout@564fabc8]" started-at="2024-05-09T12:22:21 IST" name="testcase2" finished-at="2024-05-09T12:22:33 IST" duration-ms="11382" status="PASS">
          <reporter-output>
          </reporter-output>
        </test-method> <!-- testcase2 -->
        <test-method is-config="true" signature="terminateBrowser()[pri:0, instance:testcases.TestCasesForProceedToCheckout@564fabc8]" started-at="2024-05-09T12:22:33 IST" name="terminateBrowser" finished-at="2024-05-09T12:22:34 IST" duration-ms="1083" status="PASS">
          <reporter-output>
          </reporter-output>
        </test-method> <!-- terminateBrowser -->
      </class> <!-- testcases.TestCasesForProceedToCheckout -->
    </test> <!-- Test9 -->
  </suite> <!-- Suite -->
</testng-results>
