<?xml version="1.0" encoding="UTF-8"?>
<testng-results ignored="0" total="27" passed="27" failed="0" skipped="0">
  <reporter-output>
  </reporter-output>
  <suite started-at="2024-04-30T11:34:12 IST" name="Suite" finished-at="2024-04-30T11:42:41 IST" duration-ms="509648">
    <groups>
      <group name="CreateanAccount">
        <method signature="CreateanAccount.testCase1()[pri:0, instance:testcases.CreateanAccount@192d43ce]" name="testCase1" class="testcases.CreateanAccount"/>
      </group> <!-- CreateanAccount -->
    </groups>
    <test started-at="2024-04-30T11:34:12 IST" name="Test1" finished-at="2024-04-30T11:34:37 IST" duration-ms="25624">
      <class name="testcases.CreateanAccount">
        <test-method is-config="true" signature="initiateBrowser()[pri:0, instance:testcases.CreateanAccount@192d43ce]" started-at="2024-04-30T11:34:12 IST" name="initiateBrowser" finished-at="2024-04-30T11:34:29 IST" duration-ms="17639" status="PASS">
          <reporter-output>
          </reporter-output>
        </test-method> <!-- initiateBrowser -->
        <test-method signature="testCase1()[pri:0, instance:testcases.CreateanAccount@192d43ce]" started-at="2024-04-30T11:34:29 IST" name="testCase1" finished-at="2024-04-30T11:34:37 IST" duration-ms="7540" status="PASS">
          <reporter-output>
          </reporter-output>
        </test-method> <!-- testCase1 -->
        <test-method is-config="true" signature="terminateBrowser()[pri:0, instance:testcases.CreateanAccount@192d43ce]" started-at="2024-04-30T11:34:37 IST" name="terminateBrowser" finished-at="2024-04-30T11:34:37 IST" duration-ms="369" status="PASS">
          <reporter-output>
          </reporter-output>
        </test-method> <!-- terminateBrowser -->
      </class> <!-- testcases.CreateanAccount -->
    </test> <!-- Test1 -->
    <test started-at="2024-04-30T11:34:37 IST" name="Test2" finished-at="2024-04-30T11:35:45 IST" duration-ms="67785">
      <class name="testcases.SignIn">
        <test-method is-config="true" signature="initiateBrowser()[pri:0, instance:testcases.SignIn@4466af20]" started-at="2024-04-30T11:34:37 IST" name="initiateBrowser" finished-at="2024-04-30T11:34:52 IST" duration-ms="14059" status="PASS">
          <reporter-output>
          </reporter-output>
        </test-method> <!-- initiateBrowser -->
        <test-method signature="testcase1()[pri:0, instance:testcases.SignIn@4466af20]" started-at="2024-04-30T11:34:52 IST" name="testcase1" finished-at="2024-04-30T11:35:06 IST" duration-ms="14123" status="PASS">
          <reporter-output>
          </reporter-output>
        </test-method> <!-- testcase1 -->
        <test-method signature="testcase2()[pri:0, instance:testcases.SignIn@4466af20]" started-at="2024-04-30T11:35:06 IST" name="testcase2" finished-at="2024-04-30T11:35:11 IST" duration-ms="5132" status="PASS">
          <reporter-output>
          </reporter-output>
        </test-method> <!-- testcase2 -->
        <test-method signature="testcase3()[pri:0, instance:testcases.SignIn@4466af20]" started-at="2024-04-30T11:35:11 IST" name="testcase3" finished-at="2024-04-30T11:35:20 IST" duration-ms="9457" status="PASS">
          <reporter-output>
          </reporter-output>
        </test-method> <!-- testcase3 -->
        <test-method signature="testcase4()[pri:0, instance:testcases.SignIn@4466af20]" started-at="2024-04-30T11:35:20 IST" name="testcase4" finished-at="2024-04-30T11:35:28 IST" duration-ms="8061" status="PASS">
          <reporter-output>
          </reporter-output>
        </test-method> <!-- testcase4 -->
        <test-method signature="testcase5()[pri:0, instance:testcases.SignIn@4466af20]" started-at="2024-04-30T11:35:28 IST" name="testcase5" finished-at="2024-04-30T11:35:34 IST" duration-ms="6036" status="PASS">
          <reporter-output>
          </reporter-output>
        </test-method> <!-- testcase5 -->
        <test-method signature="testcase6()[pri:0, instance:testcases.SignIn@4466af20]" started-at="2024-04-30T11:35:34 IST" name="testcase6" finished-at="2024-04-30T11:35:37 IST" duration-ms="2646" status="PASS">
          <reporter-output>
          </reporter-output>
        </test-method> <!-- testcase6 -->
        <test-method signature="testcase7()[pri:0, instance:testcases.SignIn@4466af20]" started-at="2024-04-30T11:35:37 IST" name="testcase7" finished-at="2024-04-30T11:35:45 IST" duration-ms="8028" status="PASS">
          <reporter-output>
          </reporter-output>
        </test-method> <!-- testcase7 -->
        <test-method is-config="true" signature="terminateBrowser()[pri:0, instance:testcases.SignIn@4466af20]" started-at="2024-04-30T11:35:45 IST" name="terminateBrowser" finished-at="2024-04-30T11:35:45 IST" duration-ms="193" status="PASS">
          <reporter-output>
          </reporter-output>
        </test-method> <!-- terminateBrowser -->
      </class> <!-- testcases.SignIn -->
    </test> <!-- Test2 -->
    <test started-at="2024-04-30T11:35:45 IST" name="Test3" finished-at="2024-04-30T11:36:50 IST" duration-ms="64247">
      <class name="testcases.HomePage">
        <test-method is-config="true" signature="initiateBrowser()[pri:0, instance:testcases.HomePage@4a94ee4]" started-at="2024-04-30T11:35:45 IST" name="initiateBrowser" finished-at="2024-04-30T11:36:06 IST" duration-ms="20198" status="PASS">
          <reporter-output>
          </reporter-output>
        </test-method> <!-- initiateBrowser -->
        <test-method signature="testcase1()[pri:0, instance:testcases.HomePage@4a94ee4]" started-at="2024-04-30T11:36:06 IST" name="testcase1" finished-at="2024-04-30T11:36:49 IST" duration-ms="43723" status="PASS">
          <reporter-output>
          </reporter-output>
        </test-method> <!-- testcase1 -->
        <test-method is-config="true" signature="terminateBrowser()[pri:0, instance:testcases.HomePage@4a94ee4]" started-at="2024-04-30T11:36:49 IST" name="terminateBrowser" finished-at="2024-04-30T11:36:50 IST" duration-ms="317" status="PASS">
          <reporter-output>
          </reporter-output>
        </test-method> <!-- terminateBrowser -->
      </class> <!-- testcases.HomePage -->
    </test> <!-- Test3 -->
    <test started-at="2024-04-30T11:36:50 IST" name="Test4" finished-at="2024-04-30T11:37:13 IST" duration-ms="23612">
      <class name="testcases.SearchBar">
        <test-method is-config="true" signature="initiateBrowser()[pri:0, instance:testcases.SearchBar@59309333]" started-at="2024-04-30T11:36:50 IST" name="initiateBrowser" finished-at="2024-04-30T11:37:06 IST" duration-ms="15973" status="PASS">
          <reporter-output>
          </reporter-output>
        </test-method> <!-- initiateBrowser -->
        <test-method signature="testcase1()[pri:0, instance:testcases.SearchBar@59309333]" started-at="2024-04-30T11:37:06 IST" name="testcase1" finished-at="2024-04-30T11:37:06 IST" duration-ms="57" status="PASS">
          <reporter-output>
          </reporter-output>
        </test-method> <!-- testcase1 -->
        <test-method signature="testcase2()[pri:0, instance:testcases.SearchBar@59309333]" started-at="2024-04-30T11:37:06 IST" name="testcase2" finished-at="2024-04-30T11:37:11 IST" duration-ms="4983" status="PASS">
          <reporter-output>
          </reporter-output>
        </test-method> <!-- testcase2 -->
        <test-method signature="testcase3()[pri:0, instance:testcases.SearchBar@59309333]" started-at="2024-04-30T11:37:11 IST" name="testcase3" finished-at="2024-04-30T11:37:13 IST" duration-ms="2138" status="PASS">
          <reporter-output>
          </reporter-output>
        </test-method> <!-- testcase3 -->
        <test-method is-config="true" signature="terminateBrowser()[pri:0, instance:testcases.SearchBar@59309333]" started-at="2024-04-30T11:37:13 IST" name="terminateBrowser" finished-at="2024-04-30T11:37:13 IST" duration-ms="447" status="PASS">
          <reporter-output>
          </reporter-output>
        </test-method> <!-- terminateBrowser -->
      </class> <!-- testcases.SearchBar -->
    </test> <!-- Test4 -->
    <test started-at="2024-04-30T11:37:13 IST" name="Test5" finished-at="2024-04-30T11:39:20 IST" duration-ms="126948">
      <class name="testcases.NavigationBar">
        <test-method is-config="true" signature="initiateBrowser()[pri:0, instance:testcases.NavigationBar@52bf72b5]" started-at="2024-04-30T11:37:13 IST" name="initiateBrowser" finished-at="2024-04-30T11:37:18 IST" duration-ms="4789" status="PASS">
          <reporter-output>
          </reporter-output>
        </test-method> <!-- initiateBrowser -->
        <test-method signature="testcase1()[pri:0, instance:testcases.NavigationBar@52bf72b5]" started-at="2024-04-30T11:37:18 IST" name="testcase1" finished-at="2024-04-30T11:37:47 IST" duration-ms="28450" status="PASS">
          <reporter-output>
          </reporter-output>
        </test-method> <!-- testcase1 -->
        <test-method signature="testcase2()[pri:0, instance:testcases.NavigationBar@52bf72b5]" started-at="2024-04-30T11:37:47 IST" name="testcase2" finished-at="2024-04-30T11:38:18 IST" duration-ms="31129" status="PASS">
          <reporter-output>
          </reporter-output>
        </test-method> <!-- testcase2 -->
        <test-method signature="testcase3()[pri:0, instance:testcases.NavigationBar@52bf72b5]" started-at="2024-04-30T11:38:18 IST" name="testcase3" finished-at="2024-04-30T11:39:20 IST" duration-ms="62334" status="PASS">
          <reporter-output>
          </reporter-output>
        </test-method> <!-- testcase3 -->
        <test-method is-config="true" signature="terminateBrowser()[pri:0, instance:testcases.NavigationBar@52bf72b5]" started-at="2024-04-30T11:39:20 IST" name="terminateBrowser" finished-at="2024-04-30T11:39:20 IST" duration-ms="230" status="PASS">
          <reporter-output>
          </reporter-output>
        </test-method> <!-- terminateBrowser -->
      </class> <!-- testcases.NavigationBar -->
    </test> <!-- Test5 -->
    <test started-at="2024-04-30T11:39:20 IST" name="Test7" finished-at="2024-04-30T11:40:17 IST" duration-ms="57133">
      <class name="testcases.Product">
        <test-method is-config="true" signature="initiateBrowser()[pri:0, instance:testcases.Product@5c5eefef]" started-at="2024-04-30T11:39:20 IST" name="initiateBrowser" finished-at="2024-04-30T11:39:39 IST" duration-ms="19159" status="PASS">
          <reporter-output>
          </reporter-output>
        </test-method> <!-- initiateBrowser -->
        <test-method signature="testcase1()[pri:0, instance:testcases.Product@5c5eefef]" started-at="2024-04-30T11:39:39 IST" name="testcase1" finished-at="2024-04-30T11:39:45 IST" duration-ms="5938" status="PASS">
          <reporter-output>
          </reporter-output>
        </test-method> <!-- testcase1 -->
        <test-method signature="testcase2()[pri:0, instance:testcases.Product@5c5eefef]" started-at="2024-04-30T11:39:45 IST" name="testcase2" finished-at="2024-04-30T11:39:58 IST" duration-ms="12350" status="PASS">
          <reporter-output>
          </reporter-output>
        </test-method> <!-- testcase2 -->
        <test-method signature="testcase3()[pri:0, instance:testcases.Product@5c5eefef]" started-at="2024-04-30T11:39:58 IST" name="testcase3" finished-at="2024-04-30T11:40:14 IST" duration-ms="16515" status="PASS">
          <reporter-output>
          </reporter-output>
        </test-method> <!-- testcase3 -->
        <test-method signature="testcase4()[pri:0, instance:testcases.Product@5c5eefef]" started-at="2024-04-30T11:40:14 IST" name="testcase4" finished-at="2024-04-30T11:40:14 IST" duration-ms="201" status="PASS">
          <reporter-output>
          </reporter-output>
        </test-method> <!-- testcase4 -->
        <test-method signature="testcase5()[pri:0, instance:testcases.Product@5c5eefef]" started-at="2024-04-30T11:40:14 IST" name="testcase5" finished-at="2024-04-30T11:40:17 IST" duration-ms="2591" status="PASS">
          <reporter-output>
          </reporter-output>
        </test-method> <!-- testcase5 -->
        <test-method is-config="true" signature="terminateBrowser()[pri:0, instance:testcases.Product@5c5eefef]" started-at="2024-04-30T11:40:17 IST" name="terminateBrowser" finished-at="2024-04-30T11:40:17 IST" duration-ms="358" status="PASS">
          <reporter-output>
          </reporter-output>
        </test-method> <!-- terminateBrowser -->
      </class> <!-- testcases.Product -->
    </test> <!-- Test7 -->
    <test started-at="2024-04-30T11:40:17 IST" name="Test8" finished-at="2024-04-30T11:41:44 IST" duration-ms="86643">
      <class name="testcases.ShoppingCart">
        <test-method is-config="true" signature="initiateBrowser()[pri:0, instance:testcases.ShoppingCart@478190fc]" started-at="2024-04-30T11:40:17 IST" name="initiateBrowser" finished-at="2024-04-30T11:40:34 IST" duration-ms="16969" status="PASS">
          <reporter-output>
          </reporter-output>
        </test-method> <!-- initiateBrowser -->
        <test-method signature="testcase1()[pri:0, instance:testcases.ShoppingCart@478190fc]" started-at="2024-04-30T11:40:34 IST" name="testcase1" finished-at="2024-04-30T11:40:45 IST" duration-ms="10899" status="PASS">
          <reporter-output>
          </reporter-output>
        </test-method> <!-- testcase1 -->
        <test-method signature="testcase2()[pri:0, instance:testcases.ShoppingCart@478190fc]" started-at="2024-04-30T11:40:45 IST" name="testcase2" finished-at="2024-04-30T11:40:57 IST" duration-ms="11652" status="PASS">
          <reporter-output>
          </reporter-output>
        </test-method> <!-- testcase2 -->
        <test-method signature="testcase3()[pri:0, instance:testcases.ShoppingCart@478190fc]" started-at="2024-04-30T11:40:57 IST" name="testcase3" finished-at="2024-04-30T11:41:22 IST" duration-ms="24925" status="PASS">
          <reporter-output>
          </reporter-output>
        </test-method> <!-- testcase3 -->
        <test-method signature="testcase4()[pri:0, instance:testcases.ShoppingCart@478190fc]" started-at="2024-04-30T11:41:22 IST" name="testcase4" finished-at="2024-04-30T11:41:37 IST" duration-ms="15439" status="PASS">
          <reporter-output>
          </reporter-output>
        </test-method> <!-- testcase4 -->
        <test-method signature="testcase5()[pri:0, instance:testcases.ShoppingCart@478190fc]" started-at="2024-04-30T11:41:37 IST" name="testcase5" finished-at="2024-04-30T11:41:44 IST" duration-ms="6344" status="PASS">
          <reporter-output>
          </reporter-output>
        </test-method> <!-- testcase5 -->
        <test-method is-config="true" signature="terminateBrowser()[pri:0, instance:testcases.ShoppingCart@478190fc]" started-at="2024-04-30T11:41:44 IST" name="terminateBrowser" finished-at="2024-04-30T11:41:44 IST" duration-ms="407" status="PASS">
          <reporter-output>
          </reporter-output>
        </test-method> <!-- terminateBrowser -->
      </class> <!-- testcases.ShoppingCart -->
    </test> <!-- Test8 -->
    <test started-at="2024-04-30T11:41:44 IST" name="Test9" finished-at="2024-04-30T11:42:41 IST" duration-ms="57275">
      <class name="testcases.ProceedToCheckout">
        <test-method is-config="true" signature="initiateBrowser()[pri:0, instance:testcases.ProceedToCheckout@16d04d3d]" started-at="2024-04-30T11:41:44 IST" name="initiateBrowser" finished-at="2024-04-30T11:42:04 IST" duration-ms="20266" status="PASS">
          <reporter-output>
          </reporter-output>
        </test-method> <!-- initiateBrowser -->
        <test-method signature="testcase1()[pri:0, instance:testcases.ProceedToCheckout@16d04d3d]" started-at="2024-04-30T11:42:04 IST" name="testcase1" finished-at="2024-04-30T11:42:24 IST" duration-ms="20046" status="PASS">
          <reporter-output>
          </reporter-output>
        </test-method> <!-- testcase1 -->
        <test-method signature="testcase2()[pri:0, instance:testcases.ProceedToCheckout@16d04d3d]" started-at="2024-04-30T11:42:24 IST" name="testcase2" finished-at="2024-04-30T11:42:41 IST" duration-ms="16531" status="PASS">
          <reporter-output>
          </reporter-output>
        </test-method> <!-- testcase2 -->
        <test-method is-config="true" signature="terminateBrowser()[pri:0, instance:testcases.ProceedToCheckout@16d04d3d]" started-at="2024-04-30T11:42:41 IST" name="terminateBrowser" finished-at="2024-04-30T11:42:41 IST" duration-ms="429" status="PASS">
          <reporter-output>
          </reporter-output>
        </test-method> <!-- terminateBrowser -->
      </class> <!-- testcases.ProceedToCheckout -->
    </test> <!-- Test9 -->
  </suite> <!-- Suite -->
</testng-results>
