<?xml version="1.0" encoding="UTF-8"?>
<!-- Generated by org.testng.reporters.JUnitXMLReporter -->
<testsuite ignored="0" hostname="DESKTOP-VD0E2CP" failures="0" tests="5" name="Test7" time="57.133" errors="0" timestamp="2024-04-30T11:40:17 IST">
  <testcase classname="testcases.Product" name="testcase1" time="5.938"/>
  <testcase classname="testcases.Product" name="testcase2" time="12.35"/>
  <testcase classname="testcases.Product" name="testcase3" time="16.515"/>
  <testcase classname="testcases.Product" name="testcase4" time="0.201"/>
  <testcase classname="testcases.Product" name="testcase5" time="2.591"/>
</testsuite> <!-- Test7 -->
