<?xml version="1.0" encoding="UTF-8"?>
<!-- Generated by org.testng.reporters.JUnitXMLReporter -->
<testsuite ignored="0" hostname="DESKTOP-VD0E2CP" failures="0" tests="3" name="Test6" time="117.526" errors="0" timestamp="2024-04-29T16:25:21 IST">
  <testcase classname="testcases.NavigationBar" name="testcase1" time="23.864"/>
  <testcase classname="testcases.NavigationBar" name="testcase2" time="30.707"/>
  <testcase classname="testcases.NavigationBar" name="testcase3" time="50.113"/>
</testsuite> <!-- Test6 -->
