<?xml version="1.0" encoding="UTF-8"?>
<!-- Generated by org.testng.reporters.JUnitXMLReporter -->
<testsuite ignored="0" hostname="DESKTOP-VD0E2CP" failures="0" tests="5" name="Test7" time="58.893" errors="0" timestamp="2024-05-09T12:20:13 IST">
  <testcase classname="testcases.TestCasesForProduct" name="testcase1" time="5.21"/>
  <testcase classname="testcases.TestCasesForProduct" name="testcase2" time="13.376"/>
  <testcase classname="testcases.TestCasesForProduct" name="testcase3" time="20.785"/>
  <testcase classname="testcases.TestCasesForProduct" name="testcase4" time="0.272"/>
  <testcase classname="testcases.TestCasesForProduct" name="testcase5" time="3.11"/>
</testsuite> <!-- Test7 -->
