<?xml version="1.0" encoding="UTF-8"?>
<!-- Generated by org.testng.reporters.JUnitXMLReporter -->
<testsuite ignored="0" hostname="DESKTOP-VD0E2CP" failures="0" tests="5" name="Test8" time="86.643" errors="0" timestamp="2024-04-30T11:41:44 IST">
  <testcase classname="testcases.ShoppingCart" name="testcase1" time="10.899"/>
  <testcase classname="testcases.ShoppingCart" name="testcase2" time="11.652"/>
  <testcase classname="testcases.ShoppingCart" name="testcase3" time="24.925"/>
  <testcase classname="testcases.ShoppingCart" name="testcase4" time="15.439"/>
  <testcase classname="testcases.ShoppingCart" name="testcase5" time="6.344"/>
</testsuite> <!-- Test8 -->
