<?xml version="1.0" encoding="UTF-8"?>
<!-- Generated by org.testng.reporters.JUnitXMLReporter -->
<testsuite ignored="0" hostname="DESKTOP-VD0E2CP" failures="0" tests="3" name="Test5" time="126.948" errors="0" timestamp="2024-04-30T11:39:20 IST">
  <testcase classname="testcases.NavigationBar" name="testcase1" time="28.45"/>
  <testcase classname="testcases.NavigationBar" name="testcase2" time="31.129"/>
  <testcase classname="testcases.NavigationBar" name="testcase3" time="62.334"/>
</testsuite> <!-- Test5 -->
