<?xml version="1.0" encoding="UTF-8"?>
<!-- Generated by org.testng.reporters.JUnitXMLReporter -->
<testsuite ignored="0" hostname="DESKTOP-VD0E2CP" failures="0" tests="7" name="Test2" time="67.785" errors="0" timestamp="2024-04-30T11:35:45 IST">
  <testcase classname="testcases.SignIn" name="testcase1" time="14.123"/>
  <testcase classname="testcases.SignIn" name="testcase2" time="5.132"/>
  <testcase classname="testcases.SignIn" name="testcase3" time="9.457"/>
  <testcase classname="testcases.SignIn" name="testcase4" time="8.061"/>
  <testcase classname="testcases.SignIn" name="testcase5" time="6.036"/>
  <testcase classname="testcases.SignIn" name="testcase6" time="2.646"/>
  <testcase classname="testcases.SignIn" name="testcase7" time="8.028"/>
</testsuite> <!-- Test2 -->
