<?xml version="1.0" encoding="UTF-8"?>
<!-- Generated by org.testng.reporters.JUnitXMLReporter -->
<testsuite ignored="0" hostname="DESKTOP-VD0E2CP" failures="0" tests="3" name="Test4" time="23.122" errors="0" timestamp="2024-05-09T12:16:50 IST">
  <testcase classname="testcases.TestCasesForSearchBar" name="testcase1" time="0.064"/>
  <testcase classname="testcases.TestCasesForSearchBar" name="testcase2" time="7.103"/>
  <testcase classname="testcases.TestCasesForSearchBar" name="testcase3" time="2.141"/>
</testsuite> <!-- Test4 -->
