<?xml version="1.0" encoding="UTF-8"?>
<!-- Generated by org.testng.reporters.JUnitXMLReporter -->
<testsuite ignored="0" hostname="DESKTOP-VD0E2CP" failures="0" tests="7" name="Test2" time="63.646" errors="0" timestamp="2024-05-09T12:15:19 IST">
  <testcase classname="testcases.TestCasesForSignIn" name="testcase1" time="9.782"/>
  <testcase classname="testcases.TestCasesForSignIn" name="testcase2" time="7.047"/>
  <testcase classname="testcases.TestCasesForSignIn" name="testcase3" time="7.525"/>
  <testcase classname="testcases.TestCasesForSignIn" name="testcase4" time="8.663"/>
  <testcase classname="testcases.TestCasesForSignIn" name="testcase5" time="5.18"/>
  <testcase classname="testcases.TestCasesForSignIn" name="testcase6" time="2.577"/>
  <testcase classname="testcases.TestCasesForSignIn" name="testcase7" time="8.577"/>
</testsuite> <!-- Test2 -->
