<?xml version="1.0" encoding="UTF-8"?>
<!-- Generated by org.testng.reporters.JUnitXMLReporter -->
<testsuite ignored="0" hostname="DESKTOP-VD0E2CP" failures="0" tests="3" name="Test4" time="23.612" errors="0" timestamp="2024-04-30T11:37:13 IST">
  <testcase classname="testcases.SearchBar" name="testcase1" time="0.057"/>
  <testcase classname="testcases.SearchBar" name="testcase2" time="4.983"/>
  <testcase classname="testcases.SearchBar" name="testcase3" time="2.138"/>
</testsuite> <!-- Test4 -->
