<?xml version="1.0" encoding="UTF-8"?>
<!-- Generated by org.testng.reporters.JUnitXMLReporter -->
<testsuite ignored="0" hostname="DESKTOP-VD0E2CP" failures="0" tests="5" name="Test8" time="91.877" errors="0" timestamp="2024-05-09T12:21:45 IST">
  <testcase classname="testcases.TestCasesForShoppingCart" name="testcase1" time="10.104"/>
  <testcase classname="testcases.TestCasesForShoppingCart" name="testcase2" time="11.956"/>
  <testcase classname="testcases.TestCasesForShoppingCart" name="testcase3" time="29.101"/>
  <testcase classname="testcases.TestCasesForShoppingCart" name="testcase4" time="18.134"/>
  <testcase classname="testcases.TestCasesForShoppingCart" name="testcase5" time="6.512"/>
</testsuite> <!-- Test8 -->
